<?xml version="1.0" encoding="utf-8"?><testsuites name="pytest tests"><testsuite name="pytest" errors="0" failures="0" skipped="0" tests="13" time="7.137" timestamp="2025-11-25T10:28:16.740274+01:00" hostname="NucBox_M3Plus"><testcase classname="tests.test_admin_2fa_flow" name="test_email_2fa_invalid_code" time="0.754" /><testcase classname="tests.test_admin_2fa_flow" name="test_email_2fa_expired_code" time="0.499" /><testcase classname="tests.test_admin_2fa_flow" name="test_email_2fa_resend_and_success" time="4.779" /><testcase classname="tests.test_admin_2fa_flow" name="test_email_2fa_template_renders" time="0.047" /><testcase classname="tests.test_auth" name="test_signup_and_confirm" time="0.311" /><testcase classname="tests.test_db_singleton" name="test_single_sqlalchemy_instance" time="0.015" /><testcase classname="tests.test_public_requests" name="test_index_route" time="0.041" /><testcase classname="tests.test_public_requests" name="test_public_requests_list" time="0.026" /><testcase classname="tests.test_public_requests" name="test_public_request_detail_not_found" time="0.023" /><testcase classname="tests.test_public_requests" name="test_public_create_request_invalid" time="0.022" /><testcase classname="tests.test_public_requests" name="test_public_create_request_valid" time="0.053" /><testcase classname="tests.test_shim_reexport" name="test_shim_reexports_db" time="0.020" /><testcase classname="tests.test_smoke" name="test_smoke" time="0.383" /></testsuite></testsuites>
